Start testing: Sep 06 13:08 India Standard Time
----------------------------------------------------------
2/17 Testing: csp.headers
2/17 Test: csp.headers
Command: "C:/Users/DeLL/Desktop/C+/build/csp_header_smoke.exe"
Directory: C:/Users/DeLL/Desktop/C+/build
"csp.headers" start time: Sep 06 13:08 India Standard Time
Output:
----------------------------------------------------------
<end of output>
Test time =   0.03 sec
----------------------------------------------------------
Test Passed.
"csp.headers" end time: Sep 06 13:08 India Standard Time
"csp.headers" time elapsed: 00:00:00
----------------------------------------------------------

End testing: Sep 06 13:08 India Standard Time
