<?xml version="1.0" encoding="UTF-8"?>
<Site BuildName="Win32-ninja"
	BuildStamp="20260904-0903-Experimental"
	Name="DESKTOP-NNDRV3B"
	Generator="ctest-4.4.2"
	CompilerName="C:/msys64/ucrt64/bin/g++.exe"
	CompilerVersion="16.1.0"
	OSName="Windows"
	Hostname="DESKTOP-NNDRV3B"
	OSRelease="10.0.26200"
	OSVersion="Windows 10"
	OSPlatform="AMD64"
	Is64Bits="1"
	VendorString=""
	VendorID="Unknown Manufacturer"
	FamilyID="0"
	ModelID="0"
	ModelName=""
	ProcessorCacheSize="0"
	NumberOfLogicalCPU="8"
	NumberOfPhysicalCPU="4"
	TotalVirtualMemory="7680"
	TotalPhysicalMemory="7793"
	LogicalProcessorsPerPhysical="2"
	ProcessorClockFrequency="2592.000000"
	>
	<Testing>
		<StartDateTime>Sep 06 13:08 India Standard Time</StartDateTime>
		<StartTestTime>1788680290</StartTestTime>
		<TestList>
			<Test>./csp.headers</Test>
		</TestList>
		<Test Status="passed">
			<Name>csp.headers</Name>
			<Path>.</Path>
			<FullName>./csp.headers</FullName>
			<FullCommandLine>C:\Users\DeLL\Desktop\C+\build\csp_header_smoke.exe</FullCommandLine>
			<StartTestTime>1788680290.085358</StartTestTime>
			<Results>
				<NamedMeasurement type="numeric/double" name="Execution Time">
					<Value>0.029233</Value>
				</NamedMeasurement>
				<NamedMeasurement type="numeric/double" name="Processors">
					<Value>1</Value>
				</NamedMeasurement>
				<NamedMeasurement type="text/string" name="Completion Status">
					<Value>Completed</Value>
				</NamedMeasurement>
				<NamedMeasurement type="text/string" name="Command Line">
					<Value>C:\Users\DeLL\Desktop\C+\build\csp_header_smoke.exe</Value>
				</NamedMeasurement>
				<NamedMeasurement type="text/string" name="Environment">
					<Value>#CTEST_RESOURCE_GROUP_COUNT=</Value>
				</NamedMeasurement>
				<Measurement>
					<Value></Value>
				</Measurement>
			</Results>
		</Test>
		<EndDateTime>Sep 06 13:08 India Standard Time</EndDateTime>
		<EndTestTime>1788680290</EndTestTime>
		<ElapsedMinutes>0</ElapsedMinutes>
	</Testing>
</Site>
