Start testing: Sep 07 11:48 India Standard Time
----------------------------------------------------------
1/18 Testing: csp.frontend
1/18 Test: csp.frontend
Command: "C:/Users/DeLL/Desktop/C+/build/csp_frontend_tests.exe"
Directory: C:/Users/DeLL/Desktop/C+/build
"csp.frontend" start time: Sep 07 11:48 India Standard Time
Output:
----------------------------------------------------------
all C+ frontend tests passed
<end of output>
Test time =   6.53 sec
----------------------------------------------------------
Test Passed.
"csp.frontend" end time: Sep 07 11:48 India Standard Time
"csp.frontend" time elapsed: 00:00:06
----------------------------------------------------------

2/18 Testing: csp.headers
2/18 Test: csp.headers
Command: "C:/Users/DeLL/Desktop/C+/build/csp_header_smoke.exe"
Directory: C:/Users/DeLL/Desktop/C+/build
"csp.headers" start time: Sep 07 11:48 India Standard Time
Output:
----------------------------------------------------------
<end of output>
Test time =   2.86 sec
----------------------------------------------------------
Test Passed.
"csp.headers" end time: Sep 07 11:48 India Standard Time
"csp.headers" time elapsed: 00:00:02
----------------------------------------------------------

3/18 Testing: csp.codegen.manifest
3/18 Test: csp.codegen.manifest
Command: "C:/Users/DeLL/Desktop/C+/build/csp-codegen.exe" "--validate-only"
Directory: C:/Users/DeLL/Desktop/C+/build
"csp.codegen.manifest" start time: Sep 07 11:48 India Standard Time
Output:
----------------------------------------------------------
validated 5094 CSP code-generation cases across 85 case folders
<end of output>
Test time =   7.74 sec
----------------------------------------------------------
Test Passed.
"csp.codegen.manifest" end time: Sep 07 11:48 India Standard Time
"csp.codegen.manifest" time elapsed: 00:00:07
----------------------------------------------------------

4/18 Testing: csp.semantic.valid-overloads
4/18 Test: csp.semantic.valid-overloads
Command: "C:/Users/DeLL/Desktop/C+/build/cspc.exe" "C:/Users/DeLL/Desktop/C+/tests/semantic/valid_overloads.csp" "--check"
Directory: C:/Users/DeLL/Desktop/C+/build
"csp.semantic.valid-overloads" start time: Sep 07 11:48 India Standard Time
Output:
----------------------------------------------------------
C+ syntax, semantics, THIR, HIR, and MIR checks passed
<end of output>
Test time =   0.06 sec
----------------------------------------------------------
Test Passed.
"csp.semantic.valid-overloads" end time: Sep 07 11:48 India Standard Time
"csp.semantic.valid-overloads" time elapsed: 00:00:00
----------------------------------------------------------

5/18 Testing: csp.semantic.valid-bugemoan
5/18 Test: csp.semantic.valid-bugemoan
Command: "C:/Users/DeLL/Desktop/C+/build/cspc.exe" "C:/Users/DeLL/Desktop/C+/tests/semantic/valid_bugemoan.csp" "--check"
Directory: C:/Users/DeLL/Desktop/C+/build
"csp.semantic.valid-bugemoan" start time: Sep 07 11:48 India Standard Time
Output:
----------------------------------------------------------
C+ syntax and semantic checks passed
<end of output>
Test time =   2.42 sec
----------------------------------------------------------
Test Passed.
"csp.semantic.valid-bugemoan" end time: Sep 07 11:48 India Standard Time
"csp.semantic.valid-bugemoan" time elapsed: 00:00:02
----------------------------------------------------------

6/18 Testing: csp.semantic.valid-hopa
6/18 Test: csp.semantic.valid-hopa
Command: "C:/Users/DeLL/Desktop/C+/build/cspc.exe" "C:/Users/DeLL/Desktop/C+/tests/semantic/valid_hopa.csp" "--check"
Directory: C:/Users/DeLL/Desktop/C+/build
"csp.semantic.valid-hopa" start time: Sep 07 11:48 India Standard Time
Output:
----------------------------------------------------------
C+ syntax, semantics, THIR, HIR, and MIR checks passed
<end of output>
Test time =   0.08 sec
----------------------------------------------------------
Test Passed.
"csp.semantic.valid-hopa" end time: Sep 07 11:48 India Standard Time
"csp.semantic.valid-hopa" time elapsed: 00:00:00
----------------------------------------------------------

7/18 Testing: csp.semantic.valid-match
7/18 Test: csp.semantic.valid-match
Command: "C:/Users/DeLL/Desktop/C+/build/cspc.exe" "C:/Users/DeLL/Desktop/C+/tests/semantic/valid_match.csp" "--check"
Directory: C:/Users/DeLL/Desktop/C+/build
"csp.semantic.valid-match" start time: Sep 07 11:48 India Standard Time
Output:
----------------------------------------------------------
C+ syntax, semantics, THIR, HIR, and MIR checks passed
<end of output>
Test time =   0.08 sec
----------------------------------------------------------
Test Passed.
"csp.semantic.valid-match" end time: Sep 07 11:48 India Standard Time
"csp.semantic.valid-match" time elapsed: 00:00:00
----------------------------------------------------------

8/18 Testing: csp.semantic.reject-non-exhaustive-match
8/18 Test: csp.semantic.reject-non-exhaustive-match
Command: "C:/Users/DeLL/Desktop/C+/build/cspc.exe" "C:/Users/DeLL/Desktop/C+/tests/semantic/invalid_non_exhaustive_match.csp" "--check"
Directory: C:/Users/DeLL/Desktop/C+/build
"csp.semantic.reject-non-exhaustive-match" start time: Sep 07 11:48 India Standard Time
Output:
----------------------------------------------------------
C:/Users/DeLL/Desktop/C+/tests/semantic/invalid_non_exhaustive_match.csp:4:3: error: non-exhaustive match for 'State'; missing stopped
cspc: error: semantic analysis failed
<end of output>
Test time =   0.07 sec
----------------------------------------------------------
Test Passed.
"csp.semantic.reject-non-exhaustive-match" end time: Sep 07 11:48 India Standard Time
"csp.semantic.reject-non-exhaustive-match" time elapsed: 00:00:00
----------------------------------------------------------

9/18 Testing: csp.semantic.valid-ctfe
9/18 Test: csp.semantic.valid-ctfe
Command: "C:/Users/DeLL/Desktop/C+/build/cspc.exe" "C:/Users/DeLL/Desktop/C+/tests/semantic/valid_ctfe.csp" "--check"
Directory: C:/Users/DeLL/Desktop/C+/build
"csp.semantic.valid-ctfe" start time: Sep 07 11:48 India Standard Time
Output:
----------------------------------------------------------
C+ syntax, semantics, THIR, HIR, and MIR checks passed
<end of output>
Test time =   0.06 sec
----------------------------------------------------------
Test Passed.
"csp.semantic.valid-ctfe" end time: Sep 07 11:48 India Standard Time
"csp.semantic.valid-ctfe" time elapsed: 00:00:00
----------------------------------------------------------

10/18 Testing: csp.semantic.reject-ctfe
10/18 Test: csp.semantic.reject-ctfe
Command: "C:/Users/DeLL/Desktop/C+/build/cspc.exe" "C:/Users/DeLL/Desktop/C+/tests/semantic/invalid_ctfe.csp" "--check"
Directory: C:/Users/DeLL/Desktop/C+/build
"csp.semantic.reject-ctfe" start time: Sep 07 11:48 India Standard Time
Output:
----------------------------------------------------------
C:/Users/DeLL/Desktop/C+/tests/semantic/invalid_ctfe.csp:2:1: error: compile-time assertion failed: "arithmetic must remain correct"
cspc: error: semantic analysis failed
<end of output>
Test time =   0.07 sec
----------------------------------------------------------
Test Passed.
"csp.semantic.reject-ctfe" end time: Sep 07 11:48 India Standard Time
"csp.semantic.reject-ctfe" time elapsed: 00:00:00
----------------------------------------------------------

11/18 Testing: csp.features.zero-cost
11/18 Test: csp.features.zero-cost
Command: "C:/Users/DeLL/Desktop/C+/build/cspc.exe" "C:/Users/DeLL/Desktop/C+/tests/features/zero_cost.csp" "--check"
Directory: C:/Users/DeLL/Desktop/C+/build
"csp.features.zero-cost" start time: Sep 07 11:48 India Standard Time
Output:
----------------------------------------------------------
C+ syntax and semantic checks passed
<end of output>
Test time =   3.26 sec
----------------------------------------------------------
Test Passed.
"csp.features.zero-cost" end time: Sep 07 11:48 India Standard Time
"csp.features.zero-cost" time elapsed: 00:00:03
----------------------------------------------------------

12/18 Testing: csp.features.safe-defaults
12/18 Test: csp.features.safe-defaults
Command: "C:/Users/DeLL/Desktop/C+/build/cspc.exe" "C:/Users/DeLL/Desktop/C+/tests/features/safe_defaults.csp" "--check"
Directory: C:/Users/DeLL/Desktop/C+/build
"csp.features.safe-defaults" start time: Sep 07 11:48 India Standard Time
Output:
----------------------------------------------------------
C+ syntax, semantics, THIR, HIR, and MIR checks passed
<end of output>
Test time =   0.07 sec
----------------------------------------------------------
Test Passed.
"csp.features.safe-defaults" end time: Sep 07 11:48 India Standard Time
"csp.features.safe-defaults" time elapsed: 00:00:00
----------------------------------------------------------

13/18 Testing: csp.features.low-level
13/18 Test: csp.features.low-level
Command: "C:/Users/DeLL/Desktop/C+/build/cspc.exe" "C:/Users/DeLL/Desktop/C+/tests/features/low_level.csp" "--check"
Directory: C:/Users/DeLL/Desktop/C+/build
"csp.features.low-level" start time: Sep 07 11:48 India Standard Time
Output:
----------------------------------------------------------
C+ syntax and semantic checks passed
<end of output>
Test time =   3.14 sec
----------------------------------------------------------
Test Passed.
"csp.features.low-level" end time: Sep 07 11:48 India Standard Time
"csp.features.low-level" time elapsed: 00:00:03
----------------------------------------------------------

14/18 Testing: csp.semantic.reject-optional-dereference
14/18 Test: csp.semantic.reject-optional-dereference
Command: "C:/Users/DeLL/Desktop/C+/build/cspc.exe" "C:/Users/DeLL/Desktop/C+/tests/semantic/invalid_optional_dereference.csp" "--check"
Directory: C:/Users/DeLL/Desktop/C+/build
"csp.semantic.reject-optional-dereference" start time: Sep 07 11:48 India Standard Time
Output:
----------------------------------------------------------
C:/Users/DeLL/Desktop/C+/tests/semantic/invalid_optional_dereference.csp:3:10: error: optional value requires an explicit presence check and .value() access
cspc: error: semantic analysis failed
<end of output>
Test time =   0.05 sec
----------------------------------------------------------
Test Passed.
"csp.semantic.reject-optional-dereference" end time: Sep 07 11:48 India Standard Time
"csp.semantic.reject-optional-dereference" time elapsed: 00:00:00
----------------------------------------------------------

15/18 Testing: csp.semantic.reject-immutable-assignment
15/18 Test: csp.semantic.reject-immutable-assignment
Command: "C:/Users/DeLL/Desktop/C+/build/cspc.exe" "C:/Users/DeLL/Desktop/C+/tests/semantic/invalid_immutable_assignment.csp" "--check"
Directory: C:/Users/DeLL/Desktop/C+/build
"csp.semantic.reject-immutable-assignment" start time: Sep 07 11:48 India Standard Time
Output:
----------------------------------------------------------
C:/Users/DeLL/Desktop/C+/tests/semantic/invalid_immutable_assignment.csp:3:10: error: cannot assign to immutable binding 'answer'
cspc: error: semantic analysis failed
<end of output>
Test time =   0.05 sec
----------------------------------------------------------
Test Passed.
"csp.semantic.reject-immutable-assignment" end time: Sep 07 11:48 India Standard Time
"csp.semantic.reject-immutable-assignment" time elapsed: 00:00:00
----------------------------------------------------------

16/18 Testing: csp.semantic.reject-cross-function-goto
16/18 Test: csp.semantic.reject-cross-function-goto
Command: "C:/Users/DeLL/Desktop/C+/build/cspc.exe" "C:/Users/DeLL/Desktop/C+/tests/semantic/invalid_cross_function_goto.csp" "--check"
Directory: C:/Users/DeLL/Desktop/C+/build
"csp.semantic.reject-cross-function-goto" start time: Sep 07 11:48 India Standard Time
Output:
----------------------------------------------------------
C:/Users/DeLL/Desktop/C+/tests/semantic/invalid_cross_function_goto.csp:2:5: error: goto targets unknown label 'finished'
cspc: error: semantic analysis failed
<end of output>
Test time =   0.06 sec
----------------------------------------------------------
Test Passed.
"csp.semantic.reject-cross-function-goto" end time: Sep 07 11:48 India Standard Time
"csp.semantic.reject-cross-function-goto" time elapsed: 00:00:00
----------------------------------------------------------

17/18 Testing: csp.semantic.reject-duplicate-default
17/18 Test: csp.semantic.reject-duplicate-default
Command: "C:/Users/DeLL/Desktop/C+/build/cspc.exe" "C:/Users/DeLL/Desktop/C+/tests/semantic/invalid_duplicate_default.csp" "--check"
Directory: C:/Users/DeLL/Desktop/C+/build
"csp.semantic.reject-duplicate-default" start time: Sep 07 11:48 India Standard Time
Output:
----------------------------------------------------------
C:/Users/DeLL/Desktop/C+/tests/semantic/invalid_duplicate_default.csp:6:5: error: switch cannot contain more than one default label
cspc: error: semantic analysis failed
<end of output>
Test time =   0.06 sec
----------------------------------------------------------
Test Passed.
"csp.semantic.reject-duplicate-default" end time: Sep 07 11:48 India Standard Time
"csp.semantic.reject-duplicate-default" time elapsed: 00:00:00
----------------------------------------------------------

18/18 Testing: csp.semantic.reject-duplicate-case
18/18 Test: csp.semantic.reject-duplicate-case
Command: "C:/Users/DeLL/Desktop/C+/build/cspc.exe" "C:/Users/DeLL/Desktop/C+/tests/semantic/invalid_duplicate_case.csp" "--check"
Directory: C:/Users/DeLL/Desktop/C+/build
"csp.semantic.reject-duplicate-case" start time: Sep 07 11:48 India Standard Time
Output:
----------------------------------------------------------
C:/Users/DeLL/Desktop/C+/tests/semantic/invalid_duplicate_case.csp:6:5: error: duplicate case value '7'
  note: previous case is at line 4
cspc: error: semantic analysis failed
<end of output>
Test time =   0.06 sec
----------------------------------------------------------
Test Passed.
"csp.semantic.reject-duplicate-case" end time: Sep 07 11:48 India Standard Time
"csp.semantic.reject-duplicate-case" time elapsed: 00:00:00
----------------------------------------------------------

End testing: Sep 07 11:48 India Standard Time
